2019-06-10 19:37:29,000 INFO (StartupInfoLogger.java:50)- Starting SmartlockApplication on DESKTOP-FABLG4D with PID 10420 (E:\study\javaProject\thesis\smartLock_company_back\target\classes started by HDH in E:\study\javaProject\thesis\smartLock_company_back)
2019-06-10 19:37:29,008 DEBUG (StartupInfoLogger.java:53)- Running with Spring Boot v2.1.4.RELEASE, Spring v5.1.6.RELEASE
2019-06-10 19:37:29,009 INFO (SpringApplication.java:679)- The following profiles are active: dev
2019-06-10 19:37:37,069 INFO (StartupInfoLogger.java:59)- Started SmartlockApplication in 8.704 seconds (JVM running for 11.076)
2019-06-10 19:37:56,495 INFO (MySessionManager.java:45)- 默认方式获取sessionId
2019-06-10 19:37:56,552 INFO (MySessionManager.java:45)- 默认方式获取sessionId
2019-06-10 19:37:56,576 INFO (WebLogAspect.java:48)- URL : http://localhost:8082/loginUnAuth;JSESSIONID=57a57aa4-69de-4c0d-b82b-b41ca91e4248
2019-06-10 19:37:56,577 INFO (WebLogAspect.java:49)- HTTP_METHOD : GET
2019-06-10 19:37:56,577 INFO (WebLogAspect.java:50)- IP : 0:0:0:0:0:0:0:1
2019-06-10 19:37:56,583 ERROR (GlobalExceptionHandler.java:33)- no login
2019-06-10 19:38:13,904 INFO (MySessionManager.java:45)- 默认方式获取sessionId
2019-06-10 19:38:13,944 INFO (WebLogAspect.java:48)- URL : http://localhost:8082/user/login
2019-06-10 19:38:13,945 INFO (WebLogAspect.java:49)- HTTP_METHOD : POST
2019-06-10 19:38:13,945 INFO (WebLogAspect.java:50)- IP : 0:0:0:0:0:0:0:1
2019-06-10 19:38:13,949 INFO (MyShiroRealm.java:39)- 前端传过来的用户名为：hdh
2019-06-10 19:38:14,191 INFO (MyShiroRealm.java:45)- user：UserRegisterEntity(id=4, username=hdh, userPhoneNum=18375335898, userPassword=7058486d59cd4eaf9d4e581687c83d88, userCreateTime=2019-05-29 14:43:37.0)
2019-06-10 19:38:14,210 INFO (WebLogAspect.java:56)- RESPONSE : com.hdh.smartlock.shiro.ReturnResult@6e3d6658
2019-06-10 19:38:14,319 INFO (MySessionManager.java:45)- 默认方式获取sessionId
2019-06-10 19:38:14,324 INFO (WebLogAspect.java:48)- URL : http://localhost:8082/getAll
2019-06-10 19:38:14,324 INFO (WebLogAspect.java:49)- HTTP_METHOD : GET
2019-06-10 19:38:14,325 INFO (WebLogAspect.java:50)- IP : 0:0:0:0:0:0:0:1
2019-06-10 19:38:14,361 INFO (WebLogAspect.java:56)- RESPONSE : [UserRegisterEntity(id=1, username=admin, userPhoneNum=18356894256, userPassword=123456, userCreateTime=2019-05-26 12:50:43.0), UserRegisterEntity(id=2, username=hdhda, userPhoneNum=14255651521, userPassword=a6cff2b38978416866c997d3962c5225, userCreateTime=2019-05-29 12:55:37.0), UserRegisterEntity(id=3, username=hdhfgs, userPhoneNum=18234545664, userPassword=a6cff2b38978416866c997d3962c5225, userCreateTime=2019-05-29 14:10:56.0), UserRegisterEntity(id=4, username=hdh, userPhoneNum=18375335898, userPassword=7058486d59cd4eaf9d4e581687c83d88, userCreateTime=2019-05-29 14:43:37.0), UserRegisterEntity(id=5, username=ahu, userPhoneNum=18375335899, userPassword=cfe97dd93637b1894e2fad3d713322e0, userCreateTime=2019-05-29 19:49:35.0), UserRegisterEntity(id=6, username=aaa, userPhoneNum=11111111111, userPassword=7058486d59cd4eaf9d4e581687c83d88, userCreateTime=2019-05-31 19:39:05.0), UserRegisterEntity(id=7, username=nih, userPhoneNum=18375335890, userPassword=7058486d59cd4eaf9d4e581687c83d88, userCreateTime=2019-06-04 14:21:16.0)]
2019-06-10 19:38:14,406 INFO (MySessionManager.java:45)- 默认方式获取sessionId
2019-06-10 19:38:14,474 INFO (WebLogAspect.java:48)- URL : http://localhost:8082/loginLog/saveLog
2019-06-10 19:38:14,474 INFO (WebLogAspect.java:49)- HTTP_METHOD : POST
2019-06-10 19:38:14,475 INFO (WebLogAspect.java:50)- IP : 0:0:0:0:0:0:0:1
2019-06-10 19:38:14,538 INFO (WebLogAspect.java:56)- RESPONSE : null
2019-06-10 19:38:57,251 INFO (MySessionManager.java:45)- 默认方式获取sessionId
2019-06-10 19:38:57,257 INFO (WebLogAspect.java:48)- URL : http://localhost:8082/revise/phoneNum
2019-06-10 19:38:57,257 INFO (WebLogAspect.java:49)- HTTP_METHOD : POST
2019-06-10 19:38:57,258 INFO (WebLogAspect.java:50)- IP : 0:0:0:0:0:0:0:1
2019-06-10 19:38:57,265 INFO (WebLogAspect.java:56)- RESPONSE : com.hdh.smartlock.shiro.ReturnResult@3ed1ae72
2019-06-10 19:38:59,143 INFO (MySessionManager.java:45)- 默认方式获取sessionId
2019-06-10 19:38:59,147 INFO (WebLogAspect.java:48)- URL : http://localhost:8082/loginLog/getLog
2019-06-10 19:38:59,148 INFO (WebLogAspect.java:49)- HTTP_METHOD : POST
2019-06-10 19:38:59,148 INFO (WebLogAspect.java:50)- IP : 0:0:0:0:0:0:0:1
2019-06-10 19:38:59,169 INFO (WebLogAspect.java:56)- RESPONSE : [LoginLogInfoDTO(loginTime=2019-06-10 19:38:14, loginLocation=安徽省合肥市  (210.45.209.*)), LoginLogInfoDTO(loginTime=2019-06-06 16:09:44, loginLocation=安徽省合肥市  (210.45.209.*)), LoginLogInfoDTO(loginTime=2019-06-04 15:55:37, loginLocation=安徽省合肥市  (210.45.209.*)), LoginLogInfoDTO(loginTime=2019-06-04 15:26:53, loginLocation=安徽省合肥市  (210.45.209.*)), LoginLogInfoDTO(loginTime=2019-06-04 15:26:25, loginLocation=安徽省合肥市  (210.45.209.*)), LoginLogInfoDTO(loginTime=2019-06-04 15:26:11, loginLocation=安徽省合肥市  (210.45.209.*))]
2019-06-10 19:39:05,514 INFO (MySessionManager.java:45)- 默认方式获取sessionId
2019-06-10 19:39:05,518 INFO (WebLogAspect.java:48)- URL : http://localhost:8082/loginLog/getLog
2019-06-10 19:39:05,518 INFO (WebLogAspect.java:49)- HTTP_METHOD : POST
2019-06-10 19:39:05,518 INFO (WebLogAspect.java:50)- IP : 0:0:0:0:0:0:0:1
2019-06-10 19:39:05,530 INFO (WebLogAspect.java:56)- RESPONSE : [LoginLogInfoDTO(loginTime=2019-06-10 19:38:14, loginLocation=安徽省合肥市  (210.45.209.*)), LoginLogInfoDTO(loginTime=2019-06-06 16:09:44, loginLocation=安徽省合肥市  (210.45.209.*)), LoginLogInfoDTO(loginTime=2019-06-04 15:55:37, loginLocation=安徽省合肥市  (210.45.209.*)), LoginLogInfoDTO(loginTime=2019-06-04 15:26:53, loginLocation=安徽省合肥市  (210.45.209.*)), LoginLogInfoDTO(loginTime=2019-06-04 15:26:25, loginLocation=安徽省合肥市  (210.45.209.*)), LoginLogInfoDTO(loginTime=2019-06-04 15:26:11, loginLocation=安徽省合肥市  (210.45.209.*))]
2019-06-10 19:39:11,312 INFO (MySessionManager.java:45)- 默认方式获取sessionId
2019-06-10 19:39:11,315 INFO (WebLogAspect.java:48)- URL : http://localhost:8082/getAll
2019-06-10 19:39:11,315 INFO (WebLogAspect.java:49)- HTTP_METHOD : GET
2019-06-10 19:39:11,316 INFO (WebLogAspect.java:50)- IP : 0:0:0:0:0:0:0:1
2019-06-10 19:39:11,324 INFO (WebLogAspect.java:56)- RESPONSE : [UserRegisterEntity(id=1, username=admin, userPhoneNum=18356894256, userPassword=123456, userCreateTime=2019-05-26 12:50:43.0), UserRegisterEntity(id=2, username=hdhda, userPhoneNum=14255651521, userPassword=a6cff2b38978416866c997d3962c5225, userCreateTime=2019-05-29 12:55:37.0), UserRegisterEntity(id=3, username=hdhfgs, userPhoneNum=18234545664, userPassword=a6cff2b38978416866c997d3962c5225, userCreateTime=2019-05-29 14:10:56.0), UserRegisterEntity(id=4, username=hdh, userPhoneNum=18375335898, userPassword=7058486d59cd4eaf9d4e581687c83d88, userCreateTime=2019-05-29 14:43:37.0), UserRegisterEntity(id=5, username=ahu, userPhoneNum=18375335899, userPassword=cfe97dd93637b1894e2fad3d713322e0, userCreateTime=2019-05-29 19:49:35.0), UserRegisterEntity(id=6, username=aaa, userPhoneNum=11111111111, userPassword=7058486d59cd4eaf9d4e581687c83d88, userCreateTime=2019-05-31 19:39:05.0), UserRegisterEntity(id=7, username=nih, userPhoneNum=18375335890, userPassword=7058486d59cd4eaf9d4e581687c83d88, userCreateTime=2019-06-04 14:21:16.0)]
2019-06-10 19:39:14,161 INFO (MySessionManager.java:45)- 默认方式获取sessionId
2019-06-10 19:39:14,168 INFO (MySessionManager.java:45)- 默认方式获取sessionId
2019-06-10 19:39:14,169 INFO (WebLogAspect.java:48)- URL : http://localhost:8082/customerInfo/getSchoolName
2019-06-10 19:39:14,170 INFO (WebLogAspect.java:49)- HTTP_METHOD : POST
2019-06-10 19:39:14,170 INFO (WebLogAspect.java:50)- IP : 0:0:0:0:0:0:0:1
2019-06-10 19:39:14,171 INFO (WebLogAspect.java:48)- URL : http://localhost:8082/customerInfo/getSchoolInfo
2019-06-10 19:39:14,171 INFO (WebLogAspect.java:49)- HTTP_METHOD : POST
2019-06-10 19:39:14,172 INFO (WebLogAspect.java:50)- IP : 0:0:0:0:0:0:0:1
2019-06-10 19:39:14,186 INFO (WebLogAspect.java:56)- RESPONSE : [安徽大学（磐苑校区）, 合肥工业大学（翡翠湖校区）, 中国科技大学, 安徽师范大学, 黄山学院, 合肥学院, 北京大学, 北京航空航天大学, 北京师范大学, 中国人民大学, 北京交通大学, 北京邮电大学, 中央财经大学, 中国政法大学, 北京体育大学, 中央民族大学, 南京大学, 东南大学, 南京航空航天大学]
2019-06-10 19:39:14,186 INFO (WebLogAspect.java:56)- RESPONSE : [CustomerEntity(id=3, schoolName=安徽大学（磐苑校区）, schoolAddress=安徽省合肥市蜀山区九龙路111号, purchaseDate=2018-07-05 16:18:07, purchaseBatch=2, batchAmount=1000/1200, allAmount=2200), CustomerEntity(id=4, schoolName=合肥工业大学（翡翠湖校区）, schoolAddress=安徽省合肥市蜀山区翡翠路416号, purchaseDate=2018-08-15 16:21:24, purchaseBatch=1, batchAmount=2500, allAmount=2500), CustomerEntity(id=5, schoolName=中国科技大学, schoolAddress=安徽省合肥市蜀山区黄山路443号, purchaseDate=2018-08-25 16:22:10, purchaseBatch=3, batchAmount=500/900/800, allAmount=2200), CustomerEntity(id=6, schoolName=安徽师范大学, schoolAddress=安徽省芜湖市九华南路189号, purchaseDate=2018-09-15 16:22:59, purchaseBatch=1, batchAmount=3000, allAmount=3000), CustomerEntity(id=7, schoolName=黄山学院, schoolAddress=安徽省黄山市休宁县西海路39号, purchaseDate=2018-09-29 20:57:34, purchaseBatch=1, batchAmount=1563, allAmount=1563), CustomerEntity(id=8, schoolName=合肥学院, schoolAddress=安徽省合肥市锦绣大道99号, purchaseDate=2018-09-30 20:58:19, purchaseBatch=2, batchAmount=600/900, allAmount=1500), CustomerEntity(id=9, schoolName=北京大学, schoolAddress=北京市海淀区颐和园路5, purchaseDate=2018-10-03 20:59:09, purchaseBatch=2, batchAmount=900/800, allAmount=1700), CustomerEntity(id=10, schoolName=北京航空航天大学, schoolAddress=北京市海淀区学院路37号, purchaseDate=2018-10-07 20:59:43, purchaseBatch=1, batchAmount=2560, allAmount=2560), CustomerEntity(id=11, schoolName=北京师范大学, schoolAddress=北京市新街口外大街19号, purchaseDate=2018-10-17 21:00:16, purchaseBatch=2, batchAmount=600/1452, allAmount=2052), CustomerEntity(id=12, schoolName=中国人民大学, schoolAddress=北京市海淀区中关村大街59号, purchaseDate=2018-10-25 21:01:18, purchaseBatch=1, batchAmount=2500, allAmount=2500), CustomerEntity(id=13, schoolName=北京交通大学, schoolAddress=北京市海淀区上园村3号, purchaseDate=2018-10-30 21:01:52, purchaseBatch=2, batchAmount=1234/800, allAmount=2034), CustomerEntity(id=14, schoolName=北京邮电大学, schoolAddress=北京市海淀区西土城路10号, purchaseDate=2018-11-07 21:02:36, purchaseBatch=1, batchAmount=3425, allAmount=3425), CustomerEntity(id=15, schoolName=中央财经大学, schoolAddress=北京市海淀区学院南路39号, purchaseDate=2018-11-14 21:03:13, purchaseBatch=1, batchAmount=2350, allAmount=2350), CustomerEntity(id=16, schoolName=中国政法大学, schoolAddress=北京市海淀区西土城路25号, purchaseDate=2018-11-29 21:03:50, purchaseBatch=2, batchAmount=900/900, allAmount=1800), CustomerEntity(id=17, schoolName=北京体育大学, schoolAddress=北京市海淀区信息路48号, purchaseDate=2018-12-04 21:07:13, purchaseBatch=1, batchAmount=2324, allAmount=2324), CustomerEntity(id=18, schoolName=中央民族大学, schoolAddress=北京市海淀区中关村南大街27号, purchaseDate=2018-12-13 21:07:44, purchaseBatch=1, batchAmount=2344, allAmount=2344), CustomerEntity(id=19, schoolName=南京大学, schoolAddress=江苏省南京市鼓楼区汉口路22号, purchaseDate=2018-12-19 21:08:14, purchaseBatch=1, batchAmount=234, allAmount=234), CustomerEntity(id=20, schoolName=东南大学, schoolAddress=江苏省南京市玄武区四牌楼2号, purchaseDate=2018-12-20 21:08:42, purchaseBatch=2, batchAmount=567/400, allAmount=967), CustomerEntity(id=21, schoolName=南京航空航天大学, schoolAddress=江苏省南京市江宁区将军大道29号, purchaseDate=2018-12-29 21:09:19, purchaseBatch=1, batchAmount=2345, allAmount=2345)]
2019-06-10 20:06:32,263 INFO (MySessionManager.java:45)- 默认方式获取sessionId
2019-06-10 20:06:32,269 INFO (WebLogAspect.java:48)- URL : http://localhost:8082/revise/phoneNum
2019-06-10 20:06:32,270 INFO (WebLogAspect.java:49)- HTTP_METHOD : POST
2019-06-10 20:06:32,270 INFO (WebLogAspect.java:50)- IP : 0:0:0:0:0:0:0:1
2019-06-10 20:06:32,274 INFO (WebLogAspect.java:56)- RESPONSE : com.hdh.smartlock.shiro.ReturnResult@3ed1ae72
2019-06-10 20:06:39,044 INFO (MySessionManager.java:45)- 默认方式获取sessionId
2019-06-10 20:06:39,046 INFO (WebLogAspect.java:48)- URL : http://localhost:8082/getAll
2019-06-10 20:06:39,047 INFO (WebLogAspect.java:49)- HTTP_METHOD : GET
2019-06-10 20:06:39,047 INFO (WebLogAspect.java:50)- IP : 0:0:0:0:0:0:0:1
2019-06-10 20:06:39,054 INFO (WebLogAspect.java:56)- RESPONSE : [UserRegisterEntity(id=1, username=admin, userPhoneNum=18356894256, userPassword=123456, userCreateTime=2019-05-26 12:50:43.0), UserRegisterEntity(id=2, username=hdhda, userPhoneNum=14255651521, userPassword=a6cff2b38978416866c997d3962c5225, userCreateTime=2019-05-29 12:55:37.0), UserRegisterEntity(id=3, username=hdhfgs, userPhoneNum=18234545664, userPassword=a6cff2b38978416866c997d3962c5225, userCreateTime=2019-05-29 14:10:56.0), UserRegisterEntity(id=4, username=hdh, userPhoneNum=18375335898, userPassword=7058486d59cd4eaf9d4e581687c83d88, userCreateTime=2019-05-29 14:43:37.0), UserRegisterEntity(id=5, username=ahu, userPhoneNum=18375335899, userPassword=cfe97dd93637b1894e2fad3d713322e0, userCreateTime=2019-05-29 19:49:35.0), UserRegisterEntity(id=6, username=aaa, userPhoneNum=11111111111, userPassword=7058486d59cd4eaf9d4e581687c83d88, userCreateTime=2019-05-31 19:39:05.0), UserRegisterEntity(id=7, username=nih, userPhoneNum=18375335890, userPassword=7058486d59cd4eaf9d4e581687c83d88, userCreateTime=2019-06-04 14:21:16.0)]
2019-06-10 20:06:41,181 INFO (MySessionManager.java:45)- 默认方式获取sessionId
2019-06-10 20:06:41,184 INFO (WebLogAspect.java:48)- URL : http://localhost:8082/customerInfo/getSchoolName
2019-06-10 20:06:41,184 INFO (WebLogAspect.java:49)- HTTP_METHOD : POST
2019-06-10 20:06:41,185 INFO (WebLogAspect.java:50)- IP : 0:0:0:0:0:0:0:1
2019-06-10 20:06:41,194 INFO (WebLogAspect.java:56)- RESPONSE : [安徽大学（磐苑校区）, 合肥工业大学（翡翠湖校区）, 中国科技大学, 安徽师范大学, 黄山学院, 合肥学院, 北京大学, 北京航空航天大学, 北京师范大学, 中国人民大学, 北京交通大学, 北京邮电大学, 中央财经大学, 中国政法大学, 北京体育大学, 中央民族大学, 南京大学, 东南大学, 南京航空航天大学]
2019-06-10 20:06:41,200 INFO (MySessionManager.java:45)- 默认方式获取sessionId
2019-06-10 20:06:41,203 INFO (WebLogAspect.java:48)- URL : http://localhost:8082/customerInfo/getSchoolInfo
2019-06-10 20:06:41,204 INFO (WebLogAspect.java:49)- HTTP_METHOD : POST
2019-06-10 20:06:41,205 INFO (WebLogAspect.java:50)- IP : 0:0:0:0:0:0:0:1
2019-06-10 20:06:41,214 INFO (WebLogAspect.java:56)- RESPONSE : [CustomerEntity(id=3, schoolName=安徽大学（磐苑校区）, schoolAddress=安徽省合肥市蜀山区九龙路111号, purchaseDate=2018-07-05 16:18:07, purchaseBatch=2, batchAmount=1000/1200, allAmount=2200), CustomerEntity(id=4, schoolName=合肥工业大学（翡翠湖校区）, schoolAddress=安徽省合肥市蜀山区翡翠路416号, purchaseDate=2018-08-15 16:21:24, purchaseBatch=1, batchAmount=2500, allAmount=2500), CustomerEntity(id=5, schoolName=中国科技大学, schoolAddress=安徽省合肥市蜀山区黄山路443号, purchaseDate=2018-08-25 16:22:10, purchaseBatch=3, batchAmount=500/900/800, allAmount=2200), CustomerEntity(id=6, schoolName=安徽师范大学, schoolAddress=安徽省芜湖市九华南路189号, purchaseDate=2018-09-15 16:22:59, purchaseBatch=1, batchAmount=3000, allAmount=3000), CustomerEntity(id=7, schoolName=黄山学院, schoolAddress=安徽省黄山市休宁县西海路39号, purchaseDate=2018-09-29 20:57:34, purchaseBatch=1, batchAmount=1563, allAmount=1563), CustomerEntity(id=8, schoolName=合肥学院, schoolAddress=安徽省合肥市锦绣大道99号, purchaseDate=2018-09-30 20:58:19, purchaseBatch=2, batchAmount=600/900, allAmount=1500), CustomerEntity(id=9, schoolName=北京大学, schoolAddress=北京市海淀区颐和园路5, purchaseDate=2018-10-03 20:59:09, purchaseBatch=2, batchAmount=900/800, allAmount=1700), CustomerEntity(id=10, schoolName=北京航空航天大学, schoolAddress=北京市海淀区学院路37号, purchaseDate=2018-10-07 20:59:43, purchaseBatch=1, batchAmount=2560, allAmount=2560), CustomerEntity(id=11, schoolName=北京师范大学, schoolAddress=北京市新街口外大街19号, purchaseDate=2018-10-17 21:00:16, purchaseBatch=2, batchAmount=600/1452, allAmount=2052), CustomerEntity(id=12, schoolName=中国人民大学, schoolAddress=北京市海淀区中关村大街59号, purchaseDate=2018-10-25 21:01:18, purchaseBatch=1, batchAmount=2500, allAmount=2500), CustomerEntity(id=13, schoolName=北京交通大学, schoolAddress=北京市海淀区上园村3号, purchaseDate=2018-10-30 21:01:52, purchaseBatch=2, batchAmount=1234/800, allAmount=2034), CustomerEntity(id=14, schoolName=北京邮电大学, schoolAddress=北京市海淀区西土城路10号, purchaseDate=2018-11-07 21:02:36, purchaseBatch=1, batchAmount=3425, allAmount=3425), CustomerEntity(id=15, schoolName=中央财经大学, schoolAddress=北京市海淀区学院南路39号, purchaseDate=2018-11-14 21:03:13, purchaseBatch=1, batchAmount=2350, allAmount=2350), CustomerEntity(id=16, schoolName=中国政法大学, schoolAddress=北京市海淀区西土城路25号, purchaseDate=2018-11-29 21:03:50, purchaseBatch=2, batchAmount=900/900, allAmount=1800), CustomerEntity(id=17, schoolName=北京体育大学, schoolAddress=北京市海淀区信息路48号, purchaseDate=2018-12-04 21:07:13, purchaseBatch=1, batchAmount=2324, allAmount=2324), CustomerEntity(id=18, schoolName=中央民族大学, schoolAddress=北京市海淀区中关村南大街27号, purchaseDate=2018-12-13 21:07:44, purchaseBatch=1, batchAmount=2344, allAmount=2344), CustomerEntity(id=19, schoolName=南京大学, schoolAddress=江苏省南京市鼓楼区汉口路22号, purchaseDate=2018-12-19 21:08:14, purchaseBatch=1, batchAmount=234, allAmount=234), CustomerEntity(id=20, schoolName=东南大学, schoolAddress=江苏省南京市玄武区四牌楼2号, purchaseDate=2018-12-20 21:08:42, purchaseBatch=2, batchAmount=567/400, allAmount=967), CustomerEntity(id=21, schoolName=南京航空航天大学, schoolAddress=江苏省南京市江宁区将军大道29号, purchaseDate=2018-12-29 21:09:19, purchaseBatch=1, batchAmount=2345, allAmount=2345)]
2019-06-10 20:07:20,993 INFO (MySessionManager.java:45)- 默认方式获取sessionId
2019-06-10 20:07:20,997 INFO (WebLogAspect.java:48)- URL : http://localhost:8082/customerInfo/getSchoolName
2019-06-10 20:07:20,997 INFO (WebLogAspect.java:49)- HTTP_METHOD : POST
2019-06-10 20:07:20,998 INFO (WebLogAspect.java:50)- IP : 0:0:0:0:0:0:0:1
2019-06-10 20:07:20,999 INFO (MySessionManager.java:45)- 默认方式获取sessionId
2019-06-10 20:07:21,003 INFO (WebLogAspect.java:48)- URL : http://localhost:8082/customerInfo/getSchoolInfo
2019-06-10 20:07:21,003 INFO (WebLogAspect.java:49)- HTTP_METHOD : POST
2019-06-10 20:07:21,004 INFO (WebLogAspect.java:50)- IP : 0:0:0:0:0:0:0:1
2019-06-10 20:07:21,009 INFO (WebLogAspect.java:56)- RESPONSE : [安徽大学（磐苑校区）, 合肥工业大学（翡翠湖校区）, 中国科技大学, 安徽师范大学, 黄山学院, 合肥学院, 北京大学, 北京航空航天大学, 北京师范大学, 中国人民大学, 北京交通大学, 北京邮电大学, 中央财经大学, 中国政法大学, 北京体育大学, 中央民族大学, 南京大学, 东南大学, 南京航空航天大学]
2019-06-10 20:07:21,015 INFO (WebLogAspect.java:56)- RESPONSE : [CustomerEntity(id=3, schoolName=安徽大学（磐苑校区）, schoolAddress=安徽省合肥市蜀山区九龙路111号, purchaseDate=2018-07-05 16:18:07, purchaseBatch=2, batchAmount=1000/1200, allAmount=2200), CustomerEntity(id=4, schoolName=合肥工业大学（翡翠湖校区）, schoolAddress=安徽省合肥市蜀山区翡翠路416号, purchaseDate=2018-08-15 16:21:24, purchaseBatch=1, batchAmount=2500, allAmount=2500), CustomerEntity(id=5, schoolName=中国科技大学, schoolAddress=安徽省合肥市蜀山区黄山路443号, purchaseDate=2018-08-25 16:22:10, purchaseBatch=3, batchAmount=500/900/800, allAmount=2200), CustomerEntity(id=6, schoolName=安徽师范大学, schoolAddress=安徽省芜湖市九华南路189号, purchaseDate=2018-09-15 16:22:59, purchaseBatch=1, batchAmount=3000, allAmount=3000), CustomerEntity(id=7, schoolName=黄山学院, schoolAddress=安徽省黄山市休宁县西海路39号, purchaseDate=2018-09-29 20:57:34, purchaseBatch=1, batchAmount=1563, allAmount=1563), CustomerEntity(id=8, schoolName=合肥学院, schoolAddress=安徽省合肥市锦绣大道99号, purchaseDate=2018-09-30 20:58:19, purchaseBatch=2, batchAmount=600/900, allAmount=1500), CustomerEntity(id=9, schoolName=北京大学, schoolAddress=北京市海淀区颐和园路5, purchaseDate=2018-10-03 20:59:09, purchaseBatch=2, batchAmount=900/800, allAmount=1700), CustomerEntity(id=10, schoolName=北京航空航天大学, schoolAddress=北京市海淀区学院路37号, purchaseDate=2018-10-07 20:59:43, purchaseBatch=1, batchAmount=2560, allAmount=2560), CustomerEntity(id=11, schoolName=北京师范大学, schoolAddress=北京市新街口外大街19号, purchaseDate=2018-10-17 21:00:16, purchaseBatch=2, batchAmount=600/1452, allAmount=2052), CustomerEntity(id=12, schoolName=中国人民大学, schoolAddress=北京市海淀区中关村大街59号, purchaseDate=2018-10-25 21:01:18, purchaseBatch=1, batchAmount=2500, allAmount=2500), CustomerEntity(id=13, schoolName=北京交通大学, schoolAddress=北京市海淀区上园村3号, purchaseDate=2018-10-30 21:01:52, purchaseBatch=2, batchAmount=1234/800, allAmount=2034), CustomerEntity(id=14, schoolName=北京邮电大学, schoolAddress=北京市海淀区西土城路10号, purchaseDate=2018-11-07 21:02:36, purchaseBatch=1, batchAmount=3425, allAmount=3425), CustomerEntity(id=15, schoolName=中央财经大学, schoolAddress=北京市海淀区学院南路39号, purchaseDate=2018-11-14 21:03:13, purchaseBatch=1, batchAmount=2350, allAmount=2350), CustomerEntity(id=16, schoolName=中国政法大学, schoolAddress=北京市海淀区西土城路25号, purchaseDate=2018-11-29 21:03:50, purchaseBatch=2, batchAmount=900/900, allAmount=1800), CustomerEntity(id=17, schoolName=北京体育大学, schoolAddress=北京市海淀区信息路48号, purchaseDate=2018-12-04 21:07:13, purchaseBatch=1, batchAmount=2324, allAmount=2324), CustomerEntity(id=18, schoolName=中央民族大学, schoolAddress=北京市海淀区中关村南大街27号, purchaseDate=2018-12-13 21:07:44, purchaseBatch=1, batchAmount=2344, allAmount=2344), CustomerEntity(id=19, schoolName=南京大学, schoolAddress=江苏省南京市鼓楼区汉口路22号, purchaseDate=2018-12-19 21:08:14, purchaseBatch=1, batchAmount=234, allAmount=234), CustomerEntity(id=20, schoolName=东南大学, schoolAddress=江苏省南京市玄武区四牌楼2号, purchaseDate=2018-12-20 21:08:42, purchaseBatch=2, batchAmount=567/400, allAmount=967), CustomerEntity(id=21, schoolName=南京航空航天大学, schoolAddress=江苏省南京市江宁区将军大道29号, purchaseDate=2018-12-29 21:09:19, purchaseBatch=1, batchAmount=2345, allAmount=2345)]
2019-06-10 20:22:04,030 INFO (MySessionManager.java:45)- 默认方式获取sessionId
2019-06-10 20:22:04,034 INFO (WebLogAspect.java:48)- URL : http://localhost:8082/customerInfo/getSchoolName
2019-06-10 20:22:04,035 INFO (WebLogAspect.java:49)- HTTP_METHOD : POST
2019-06-10 20:22:04,035 INFO (WebLogAspect.java:50)- IP : 0:0:0:0:0:0:0:1
2019-06-10 20:22:04,035 INFO (MySessionManager.java:45)- 默认方式获取sessionId
2019-06-10 20:22:04,041 INFO (WebLogAspect.java:48)- URL : http://localhost:8082/customerInfo/getSchoolInfo
2019-06-10 20:22:04,043 INFO (WebLogAspect.java:49)- HTTP_METHOD : POST
2019-06-10 20:22:04,043 INFO (WebLogAspect.java:50)- IP : 0:0:0:0:0:0:0:1
2019-06-10 20:22:04,045 INFO (WebLogAspect.java:56)- RESPONSE : [安徽大学（磐苑校区）, 合肥工业大学（翡翠湖校区）, 中国科技大学, 安徽师范大学, 黄山学院, 合肥学院, 北京大学, 北京航空航天大学, 北京师范大学, 中国人民大学, 北京交通大学, 北京邮电大学, 中央财经大学, 中国政法大学, 北京体育大学, 中央民族大学, 南京大学, 东南大学, 南京航空航天大学]
2019-06-10 20:22:04,054 INFO (WebLogAspect.java:56)- RESPONSE : [CustomerEntity(id=3, schoolName=安徽大学（磐苑校区）, schoolAddress=安徽省合肥市蜀山区九龙路111号, purchaseDate=2018-07-05 16:18:07, purchaseBatch=2, batchAmount=1000/1200, allAmount=2200), CustomerEntity(id=4, schoolName=合肥工业大学（翡翠湖校区）, schoolAddress=安徽省合肥市蜀山区翡翠路416号, purchaseDate=2018-08-15 16:21:24, purchaseBatch=1, batchAmount=2500, allAmount=2500), CustomerEntity(id=5, schoolName=中国科技大学, schoolAddress=安徽省合肥市蜀山区黄山路443号, purchaseDate=2018-08-25 16:22:10, purchaseBatch=3, batchAmount=500/900/800, allAmount=2200), CustomerEntity(id=6, schoolName=安徽师范大学, schoolAddress=安徽省芜湖市九华南路189号, purchaseDate=2018-09-15 16:22:59, purchaseBatch=1, batchAmount=3000, allAmount=3000), CustomerEntity(id=7, schoolName=黄山学院, schoolAddress=安徽省黄山市休宁县西海路39号, purchaseDate=2018-09-29 20:57:34, purchaseBatch=1, batchAmount=1563, allAmount=1563), CustomerEntity(id=8, schoolName=合肥学院, schoolAddress=安徽省合肥市锦绣大道99号, purchaseDate=2018-09-30 20:58:19, purchaseBatch=2, batchAmount=600/900, allAmount=1500), CustomerEntity(id=9, schoolName=北京大学, schoolAddress=北京市海淀区颐和园路5, purchaseDate=2018-10-03 20:59:09, purchaseBatch=2, batchAmount=900/800, allAmount=1700), CustomerEntity(id=10, schoolName=北京航空航天大学, schoolAddress=北京市海淀区学院路37号, purchaseDate=2018-10-07 20:59:43, purchaseBatch=1, batchAmount=2560, allAmount=2560), CustomerEntity(id=11, schoolName=北京师范大学, schoolAddress=北京市新街口外大街19号, purchaseDate=2018-10-17 21:00:16, purchaseBatch=2, batchAmount=600/1452, allAmount=2052), CustomerEntity(id=12, schoolName=中国人民大学, schoolAddress=北京市海淀区中关村大街59号, purchaseDate=2018-10-25 21:01:18, purchaseBatch=1, batchAmount=2500, allAmount=2500), CustomerEntity(id=13, schoolName=北京交通大学, schoolAddress=北京市海淀区上园村3号, purchaseDate=2018-10-30 21:01:52, purchaseBatch=2, batchAmount=1234/800, allAmount=2034), CustomerEntity(id=14, schoolName=北京邮电大学, schoolAddress=北京市海淀区西土城路10号, purchaseDate=2018-11-07 21:02:36, purchaseBatch=1, batchAmount=3425, allAmount=3425), CustomerEntity(id=15, schoolName=中央财经大学, schoolAddress=北京市海淀区学院南路39号, purchaseDate=2018-11-14 21:03:13, purchaseBatch=1, batchAmount=2350, allAmount=2350), CustomerEntity(id=16, schoolName=中国政法大学, schoolAddress=北京市海淀区西土城路25号, purchaseDate=2018-11-29 21:03:50, purchaseBatch=2, batchAmount=900/900, allAmount=1800), CustomerEntity(id=17, schoolName=北京体育大学, schoolAddress=北京市海淀区信息路48号, purchaseDate=2018-12-04 21:07:13, purchaseBatch=1, batchAmount=2324, allAmount=2324), CustomerEntity(id=18, schoolName=中央民族大学, schoolAddress=北京市海淀区中关村南大街27号, purchaseDate=2018-12-13 21:07:44, purchaseBatch=1, batchAmount=2344, allAmount=2344), CustomerEntity(id=19, schoolName=南京大学, schoolAddress=江苏省南京市鼓楼区汉口路22号, purchaseDate=2018-12-19 21:08:14, purchaseBatch=1, batchAmount=234, allAmount=234), CustomerEntity(id=20, schoolName=东南大学, schoolAddress=江苏省南京市玄武区四牌楼2号, purchaseDate=2018-12-20 21:08:42, purchaseBatch=2, batchAmount=567/400, allAmount=967), CustomerEntity(id=21, schoolName=南京航空航天大学, schoolAddress=江苏省南京市江宁区将军大道29号, purchaseDate=2018-12-29 21:09:19, purchaseBatch=1, batchAmount=2345, allAmount=2345)]
2019-06-10 20:22:12,011 INFO (MySessionManager.java:45)- 默认方式获取sessionId
2019-06-10 20:22:12,014 INFO (WebLogAspect.java:48)- URL : http://localhost:8082/customerInfo/getSchoolName
2019-06-10 20:22:12,014 INFO (WebLogAspect.java:49)- HTTP_METHOD : POST
2019-06-10 20:22:12,015 INFO (MySessionManager.java:45)- 默认方式获取sessionId
2019-06-10 20:22:12,015 INFO (WebLogAspect.java:50)- IP : 0:0:0:0:0:0:0:1
2019-06-10 20:22:12,017 INFO (WebLogAspect.java:48)- URL : http://localhost:8082/customerInfo/getSchoolInfo
2019-06-10 20:22:12,018 INFO (WebLogAspect.java:49)- HTTP_METHOD : POST
2019-06-10 20:22:12,018 INFO (WebLogAspect.java:50)- IP : 0:0:0:0:0:0:0:1
2019-06-10 20:22:12,021 INFO (WebLogAspect.java:56)- RESPONSE : [安徽大学（磐苑校区）, 合肥工业大学（翡翠湖校区）, 中国科技大学, 安徽师范大学, 黄山学院, 合肥学院, 北京大学, 北京航空航天大学, 北京师范大学, 中国人民大学, 北京交通大学, 北京邮电大学, 中央财经大学, 中国政法大学, 北京体育大学, 中央民族大学, 南京大学, 东南大学, 南京航空航天大学]
2019-06-10 20:22:12,025 INFO (WebLogAspect.java:56)- RESPONSE : [CustomerEntity(id=3, schoolName=安徽大学（磐苑校区）, schoolAddress=安徽省合肥市蜀山区九龙路111号, purchaseDate=2018-07-05 16:18:07, purchaseBatch=2, batchAmount=1000/1200, allAmount=2200), CustomerEntity(id=4, schoolName=合肥工业大学（翡翠湖校区）, schoolAddress=安徽省合肥市蜀山区翡翠路416号, purchaseDate=2018-08-15 16:21:24, purchaseBatch=1, batchAmount=2500, allAmount=2500), CustomerEntity(id=5, schoolName=中国科技大学, schoolAddress=安徽省合肥市蜀山区黄山路443号, purchaseDate=2018-08-25 16:22:10, purchaseBatch=3, batchAmount=500/900/800, allAmount=2200), CustomerEntity(id=6, schoolName=安徽师范大学, schoolAddress=安徽省芜湖市九华南路189号, purchaseDate=2018-09-15 16:22:59, purchaseBatch=1, batchAmount=3000, allAmount=3000), CustomerEntity(id=7, schoolName=黄山学院, schoolAddress=安徽省黄山市休宁县西海路39号, purchaseDate=2018-09-29 20:57:34, purchaseBatch=1, batchAmount=1563, allAmount=1563), CustomerEntity(id=8, schoolName=合肥学院, schoolAddress=安徽省合肥市锦绣大道99号, purchaseDate=2018-09-30 20:58:19, purchaseBatch=2, batchAmount=600/900, allAmount=1500), CustomerEntity(id=9, schoolName=北京大学, schoolAddress=北京市海淀区颐和园路5, purchaseDate=2018-10-03 20:59:09, purchaseBatch=2, batchAmount=900/800, allAmount=1700), CustomerEntity(id=10, schoolName=北京航空航天大学, schoolAddress=北京市海淀区学院路37号, purchaseDate=2018-10-07 20:59:43, purchaseBatch=1, batchAmount=2560, allAmount=2560), CustomerEntity(id=11, schoolName=北京师范大学, schoolAddress=北京市新街口外大街19号, purchaseDate=2018-10-17 21:00:16, purchaseBatch=2, batchAmount=600/1452, allAmount=2052), CustomerEntity(id=12, schoolName=中国人民大学, schoolAddress=北京市海淀区中关村大街59号, purchaseDate=2018-10-25 21:01:18, purchaseBatch=1, batchAmount=2500, allAmount=2500), CustomerEntity(id=13, schoolName=北京交通大学, schoolAddress=北京市海淀区上园村3号, purchaseDate=2018-10-30 21:01:52, purchaseBatch=2, batchAmount=1234/800, allAmount=2034), CustomerEntity(id=14, schoolName=北京邮电大学, schoolAddress=北京市海淀区西土城路10号, purchaseDate=2018-11-07 21:02:36, purchaseBatch=1, batchAmount=3425, allAmount=3425), CustomerEntity(id=15, schoolName=中央财经大学, schoolAddress=北京市海淀区学院南路39号, purchaseDate=2018-11-14 21:03:13, purchaseBatch=1, batchAmount=2350, allAmount=2350), CustomerEntity(id=16, schoolName=中国政法大学, schoolAddress=北京市海淀区西土城路25号, purchaseDate=2018-11-29 21:03:50, purchaseBatch=2, batchAmount=900/900, allAmount=1800), CustomerEntity(id=17, schoolName=北京体育大学, schoolAddress=北京市海淀区信息路48号, purchaseDate=2018-12-04 21:07:13, purchaseBatch=1, batchAmount=2324, allAmount=2324), CustomerEntity(id=18, schoolName=中央民族大学, schoolAddress=北京市海淀区中关村南大街27号, purchaseDate=2018-12-13 21:07:44, purchaseBatch=1, batchAmount=2344, allAmount=2344), CustomerEntity(id=19, schoolName=南京大学, schoolAddress=江苏省南京市鼓楼区汉口路22号, purchaseDate=2018-12-19 21:08:14, purchaseBatch=1, batchAmount=234, allAmount=234), CustomerEntity(id=20, schoolName=东南大学, schoolAddress=江苏省南京市玄武区四牌楼2号, purchaseDate=2018-12-20 21:08:42, purchaseBatch=2, batchAmount=567/400, allAmount=967), CustomerEntity(id=21, schoolName=南京航空航天大学, schoolAddress=江苏省南京市江宁区将军大道29号, purchaseDate=2018-12-29 21:09:19, purchaseBatch=1, batchAmount=2345, allAmount=2345)]
2019-06-10 20:25:35,462 INFO (MySessionManager.java:45)- 默认方式获取sessionId
2019-06-10 20:25:35,465 INFO (WebLogAspect.java:48)- URL : http://localhost:8082/customerInfo/getSchoolName
2019-06-10 20:25:35,465 INFO (WebLogAspect.java:49)- HTTP_METHOD : POST
2019-06-10 20:25:35,465 INFO (MySessionManager.java:45)- 默认方式获取sessionId
2019-06-10 20:25:35,466 INFO (WebLogAspect.java:50)- IP : 0:0:0:0:0:0:0:1
2019-06-10 20:25:35,469 INFO (WebLogAspect.java:48)- URL : http://localhost:8082/customerInfo/getSchoolInfo
2019-06-10 20:25:35,469 INFO (WebLogAspect.java:49)- HTTP_METHOD : POST
2019-06-10 20:25:35,469 INFO (WebLogAspect.java:50)- IP : 0:0:0:0:0:0:0:1
2019-06-10 20:25:35,472 INFO (WebLogAspect.java:56)- RESPONSE : [安徽大学（磐苑校区）, 合肥工业大学（翡翠湖校区）, 中国科技大学, 安徽师范大学, 黄山学院, 合肥学院, 北京大学, 北京航空航天大学, 北京师范大学, 中国人民大学, 北京交通大学, 北京邮电大学, 中央财经大学, 中国政法大学, 北京体育大学, 中央民族大学, 南京大学, 东南大学, 南京航空航天大学]
2019-06-10 20:25:35,476 INFO (WebLogAspect.java:56)- RESPONSE : [CustomerEntity(id=3, schoolName=安徽大学（磐苑校区）, schoolAddress=安徽省合肥市蜀山区九龙路111号, purchaseDate=2018-07-05 16:18:07, purchaseBatch=2, batchAmount=1000/1200, allAmount=2200), CustomerEntity(id=4, schoolName=合肥工业大学（翡翠湖校区）, schoolAddress=安徽省合肥市蜀山区翡翠路416号, purchaseDate=2018-08-15 16:21:24, purchaseBatch=1, batchAmount=2500, allAmount=2500), CustomerEntity(id=5, schoolName=中国科技大学, schoolAddress=安徽省合肥市蜀山区黄山路443号, purchaseDate=2018-08-25 16:22:10, purchaseBatch=3, batchAmount=500/900/800, allAmount=2200), CustomerEntity(id=6, schoolName=安徽师范大学, schoolAddress=安徽省芜湖市九华南路189号, purchaseDate=2018-09-15 16:22:59, purchaseBatch=1, batchAmount=3000, allAmount=3000), CustomerEntity(id=7, schoolName=黄山学院, schoolAddress=安徽省黄山市休宁县西海路39号, purchaseDate=2018-09-29 20:57:34, purchaseBatch=1, batchAmount=1563, allAmount=1563), CustomerEntity(id=8, schoolName=合肥学院, schoolAddress=安徽省合肥市锦绣大道99号, purchaseDate=2018-09-30 20:58:19, purchaseBatch=2, batchAmount=600/900, allAmount=1500), CustomerEntity(id=9, schoolName=北京大学, schoolAddress=北京市海淀区颐和园路5, purchaseDate=2018-10-03 20:59:09, purchaseBatch=2, batchAmount=900/800, allAmount=1700), CustomerEntity(id=10, schoolName=北京航空航天大学, schoolAddress=北京市海淀区学院路37号, purchaseDate=2018-10-07 20:59:43, purchaseBatch=1, batchAmount=2560, allAmount=2560), CustomerEntity(id=11, schoolName=北京师范大学, schoolAddress=北京市新街口外大街19号, purchaseDate=2018-10-17 21:00:16, purchaseBatch=2, batchAmount=600/1452, allAmount=2052), CustomerEntity(id=12, schoolName=中国人民大学, schoolAddress=北京市海淀区中关村大街59号, purchaseDate=2018-10-25 21:01:18, purchaseBatch=1, batchAmount=2500, allAmount=2500), CustomerEntity(id=13, schoolName=北京交通大学, schoolAddress=北京市海淀区上园村3号, purchaseDate=2018-10-30 21:01:52, purchaseBatch=2, batchAmount=1234/800, allAmount=2034), CustomerEntity(id=14, schoolName=北京邮电大学, schoolAddress=北京市海淀区西土城路10号, purchaseDate=2018-11-07 21:02:36, purchaseBatch=1, batchAmount=3425, allAmount=3425), CustomerEntity(id=15, schoolName=中央财经大学, schoolAddress=北京市海淀区学院南路39号, purchaseDate=2018-11-14 21:03:13, purchaseBatch=1, batchAmount=2350, allAmount=2350), CustomerEntity(id=16, schoolName=中国政法大学, schoolAddress=北京市海淀区西土城路25号, purchaseDate=2018-11-29 21:03:50, purchaseBatch=2, batchAmount=900/900, allAmount=1800), CustomerEntity(id=17, schoolName=北京体育大学, schoolAddress=北京市海淀区信息路48号, purchaseDate=2018-12-04 21:07:13, purchaseBatch=1, batchAmount=2324, allAmount=2324), CustomerEntity(id=18, schoolName=中央民族大学, schoolAddress=北京市海淀区中关村南大街27号, purchaseDate=2018-12-13 21:07:44, purchaseBatch=1, batchAmount=2344, allAmount=2344), CustomerEntity(id=19, schoolName=南京大学, schoolAddress=江苏省南京市鼓楼区汉口路22号, purchaseDate=2018-12-19 21:08:14, purchaseBatch=1, batchAmount=234, allAmount=234), CustomerEntity(id=20, schoolName=东南大学, schoolAddress=江苏省南京市玄武区四牌楼2号, purchaseDate=2018-12-20 21:08:42, purchaseBatch=2, batchAmount=567/400, allAmount=967), CustomerEntity(id=21, schoolName=南京航空航天大学, schoolAddress=江苏省南京市江宁区将军大道29号, purchaseDate=2018-12-29 21:09:19, purchaseBatch=1, batchAmount=2345, allAmount=2345)]
2019-06-10 21:33:31,520 INFO (MySessionManager.java:45)- 默认方式获取sessionId
2019-06-10 21:33:31,520 INFO (MySessionManager.java:45)- 默认方式获取sessionId
2019-06-10 21:33:31,520 INFO (MySessionManager.java:45)- 默认方式获取sessionId
2019-06-10 21:33:31,602 INFO (MySessionManager.java:45)- 默认方式获取sessionId
2019-06-10 21:33:31,602 INFO (MySessionManager.java:45)- 默认方式获取sessionId
2019-06-10 21:33:31,602 INFO (MySessionManager.java:45)- 默认方式获取sessionId
2019-06-10 21:33:31,619 INFO (WebLogAspect.java:48)- URL : http://localhost:8082/loginUnAuth;JSESSIONID=1c9b67af-9084-4e81-9a6b-9f291ca1c60b
2019-06-10 21:33:31,619 INFO (WebLogAspect.java:48)- URL : http://localhost:8082/loginUnAuth;JSESSIONID=46d719b5-8e96-4dfc-a5be-7b2cd665e6b6
2019-06-10 21:33:31,621 INFO (WebLogAspect.java:48)- URL : http://localhost:8082/loginUnAuth;JSESSIONID=6cba2281-55e2-4caf-9fa3-701cbbebf7b3
2019-06-10 21:33:31,622 INFO (WebLogAspect.java:49)- HTTP_METHOD : GET
2019-06-10 21:33:31,622 INFO (WebLogAspect.java:50)- IP : 0:0:0:0:0:0:0:1
2019-06-10 21:33:31,622 INFO (WebLogAspect.java:49)- HTTP_METHOD : GET
2019-06-10 21:33:31,623 INFO (WebLogAspect.java:50)- IP : 0:0:0:0:0:0:0:1
2019-06-10 21:33:31,622 INFO (WebLogAspect.java:49)- HTTP_METHOD : GET
2019-06-10 21:33:31,625 INFO (WebLogAspect.java:50)- IP : 0:0:0:0:0:0:0:1
2019-06-10 21:33:31,628 ERROR (GlobalExceptionHandler.java:33)- no login
2019-06-10 21:33:31,628 ERROR (GlobalExceptionHandler.java:33)- no login
2019-06-10 21:33:31,629 ERROR (GlobalExceptionHandler.java:33)- no login
2019-06-10 21:33:43,186 INFO (MySessionManager.java:45)- 默认方式获取sessionId
2019-06-10 21:33:43,192 INFO (WebLogAspect.java:48)- URL : http://localhost:8082/user/login
2019-06-10 21:33:43,193 INFO (WebLogAspect.java:49)- HTTP_METHOD : POST
2019-06-10 21:33:43,193 INFO (WebLogAspect.java:50)- IP : 0:0:0:0:0:0:0:1
2019-06-10 21:33:43,194 INFO (MyShiroRealm.java:39)- 前端传过来的用户名为：hdh
2019-06-10 21:33:43,208 INFO (MyShiroRealm.java:45)- user：UserRegisterEntity(id=4, username=hdh, userPhoneNum=18375335898, userPassword=7058486d59cd4eaf9d4e581687c83d88, userCreateTime=2019-05-29 14:43:37.0)
2019-06-10 21:33:43,211 INFO (WebLogAspect.java:56)- RESPONSE : com.hdh.smartlock.shiro.ReturnResult@201bafba
2019-06-10 21:33:43,277 INFO (MySessionManager.java:45)- 默认方式获取sessionId
2019-06-10 21:33:43,281 INFO (WebLogAspect.java:48)- URL : http://localhost:8082/getAll
2019-06-10 21:33:43,282 INFO (WebLogAspect.java:49)- HTTP_METHOD : GET
2019-06-10 21:33:43,283 INFO (WebLogAspect.java:50)- IP : 0:0:0:0:0:0:0:1
2019-06-10 21:33:43,285 INFO (MySessionManager.java:45)- 默认方式获取sessionId
2019-06-10 21:33:43,293 INFO (WebLogAspect.java:48)- URL : http://localhost:8082/loginLog/saveLog
2019-06-10 21:33:43,293 INFO (WebLogAspect.java:49)- HTTP_METHOD : POST
2019-06-10 21:33:43,294 INFO (WebLogAspect.java:50)- IP : 0:0:0:0:0:0:0:1
2019-06-10 21:33:43,294 INFO (WebLogAspect.java:56)- RESPONSE : [UserRegisterEntity(id=1, username=admin, userPhoneNum=18356894256, userPassword=123456, userCreateTime=2019-05-26 12:50:43.0), UserRegisterEntity(id=2, username=hdhda, userPhoneNum=14255651521, userPassword=a6cff2b38978416866c997d3962c5225, userCreateTime=2019-05-29 12:55:37.0), UserRegisterEntity(id=3, username=hdhfgs, userPhoneNum=18234545664, userPassword=a6cff2b38978416866c997d3962c5225, userCreateTime=2019-05-29 14:10:56.0), UserRegisterEntity(id=4, username=hdh, userPhoneNum=18375335898, userPassword=7058486d59cd4eaf9d4e581687c83d88, userCreateTime=2019-05-29 14:43:37.0), UserRegisterEntity(id=5, username=ahu, userPhoneNum=18375335899, userPassword=cfe97dd93637b1894e2fad3d713322e0, userCreateTime=2019-05-29 19:49:35.0), UserRegisterEntity(id=6, username=aaa, userPhoneNum=11111111111, userPassword=7058486d59cd4eaf9d4e581687c83d88, userCreateTime=2019-05-31 19:39:05.0), UserRegisterEntity(id=7, username=nih, userPhoneNum=18375335890, userPassword=7058486d59cd4eaf9d4e581687c83d88, userCreateTime=2019-06-04 14:21:16.0)]
2019-06-10 21:33:43,344 INFO (WebLogAspect.java:56)- RESPONSE : null
2019-06-10 21:33:46,857 INFO (MySessionManager.java:45)- 默认方式获取sessionId
2019-06-10 21:33:46,861 INFO (WebLogAspect.java:48)- URL : http://localhost:8082/out/logout
2019-06-10 21:33:46,861 INFO (WebLogAspect.java:49)- HTTP_METHOD : GET
2019-06-10 21:33:46,861 INFO (WebLogAspect.java:50)- IP : 0:0:0:0:0:0:0:1
2019-06-10 21:33:46,871 INFO (LogOutController.java:41)- sessionId1c9b67af-9084-4e81-9a6b-9f291ca1c60b
2019-06-10 21:33:46,873 INFO (LogOutController.java:45)- jedis_key1
2019-06-10 21:33:46,873 INFO (LogOutController.java:46)- --------数据已经删除--------
2019-06-10 21:33:46,874 INFO (WebLogAspect.java:56)- RESPONSE : com.hdh.smartlock.util.ResultMsg@7f54ed5b
2019-06-10 21:34:09,236 INFO (MySessionManager.java:45)- 默认方式获取sessionId
2019-06-10 21:34:09,239 INFO (WebLogAspect.java:48)- URL : http://localhost:8082/user/login
2019-06-10 21:34:09,239 INFO (WebLogAspect.java:49)- HTTP_METHOD : POST
2019-06-10 21:34:09,240 INFO (WebLogAspect.java:50)- IP : 0:0:0:0:0:0:0:1
2019-06-10 21:34:09,241 INFO (MyShiroRealm.java:39)- 前端传过来的用户名为：hdh
2019-06-10 21:34:09,243 INFO (MyShiroRealm.java:45)- user：UserRegisterEntity(id=4, username=hdh, userPhoneNum=18375335898, userPassword=7058486d59cd4eaf9d4e581687c83d88, userCreateTime=2019-05-29 14:43:37.0)
2019-06-10 21:34:09,245 INFO (WebLogAspect.java:56)- RESPONSE : com.hdh.smartlock.shiro.ReturnResult@5ee67c87
2019-06-10 21:34:09,295 INFO (MySessionManager.java:45)- 默认方式获取sessionId
2019-06-10 21:34:09,298 INFO (WebLogAspect.java:48)- URL : http://localhost:8082/getAll
2019-06-10 21:34:09,299 INFO (WebLogAspect.java:49)- HTTP_METHOD : GET
2019-06-10 21:34:09,299 INFO (WebLogAspect.java:50)- IP : 0:0:0:0:0:0:0:1
2019-06-10 21:34:09,305 INFO (WebLogAspect.java:56)- RESPONSE : [UserRegisterEntity(id=1, username=admin, userPhoneNum=18356894256, userPassword=123456, userCreateTime=2019-05-26 12:50:43.0), UserRegisterEntity(id=2, username=hdhda, userPhoneNum=14255651521, userPassword=a6cff2b38978416866c997d3962c5225, userCreateTime=2019-05-29 12:55:37.0), UserRegisterEntity(id=3, username=hdhfgs, userPhoneNum=18234545664, userPassword=a6cff2b38978416866c997d3962c5225, userCreateTime=2019-05-29 14:10:56.0), UserRegisterEntity(id=4, username=hdh, userPhoneNum=18375335898, userPassword=7058486d59cd4eaf9d4e581687c83d88, userCreateTime=2019-05-29 14:43:37.0), UserRegisterEntity(id=5, username=ahu, userPhoneNum=18375335899, userPassword=cfe97dd93637b1894e2fad3d713322e0, userCreateTime=2019-05-29 19:49:35.0), UserRegisterEntity(id=6, username=aaa, userPhoneNum=11111111111, userPassword=7058486d59cd4eaf9d4e581687c83d88, userCreateTime=2019-05-31 19:39:05.0), UserRegisterEntity(id=7, username=nih, userPhoneNum=18375335890, userPassword=7058486d59cd4eaf9d4e581687c83d88, userCreateTime=2019-06-04 14:21:16.0)]
2019-06-10 21:34:09,307 INFO (MySessionManager.java:45)- 默认方式获取sessionId
2019-06-10 21:34:09,311 INFO (WebLogAspect.java:48)- URL : http://localhost:8082/loginLog/saveLog
2019-06-10 21:34:09,311 INFO (WebLogAspect.java:49)- HTTP_METHOD : POST
2019-06-10 21:34:09,312 INFO (WebLogAspect.java:50)- IP : 0:0:0:0:0:0:0:1
2019-06-10 21:34:09,319 INFO (WebLogAspect.java:56)- RESPONSE : null
2019-06-10 21:34:12,096 INFO (MySessionManager.java:45)- 默认方式获取sessionId
2019-06-10 21:34:12,099 INFO (WebLogAspect.java:48)- URL : http://localhost:8082/customerInfo/getSchoolName
2019-06-10 21:34:12,100 INFO (MySessionManager.java:45)- 默认方式获取sessionId
2019-06-10 21:34:12,100 INFO (WebLogAspect.java:49)- HTTP_METHOD : POST
2019-06-10 21:34:12,100 INFO (WebLogAspect.java:50)- IP : 0:0:0:0:0:0:0:1
2019-06-10 21:34:12,102 INFO (WebLogAspect.java:48)- URL : http://localhost:8082/customerInfo/getSchoolInfo
2019-06-10 21:34:12,103 INFO (WebLogAspect.java:49)- HTTP_METHOD : POST
2019-06-10 21:34:12,103 INFO (WebLogAspect.java:50)- IP : 0:0:0:0:0:0:0:1
2019-06-10 21:34:12,108 INFO (WebLogAspect.java:56)- RESPONSE : [安徽大学（磐苑校区）, 合肥工业大学（翡翠湖校区）, 中国科技大学, 安徽师范大学, 黄山学院, 合肥学院, 北京大学, 北京航空航天大学, 北京师范大学, 中国人民大学, 北京交通大学, 北京邮电大学, 中央财经大学, 中国政法大学, 北京体育大学, 中央民族大学, 南京大学, 东南大学, 南京航空航天大学]
2019-06-10 21:34:12,109 INFO (WebLogAspect.java:56)- RESPONSE : [CustomerEntity(id=3, schoolName=安徽大学（磐苑校区）, schoolAddress=安徽省合肥市蜀山区九龙路111号, purchaseDate=2018-07-05 16:18:07, purchaseBatch=2, batchAmount=1000/1200, allAmount=2200), CustomerEntity(id=4, schoolName=合肥工业大学（翡翠湖校区）, schoolAddress=安徽省合肥市蜀山区翡翠路416号, purchaseDate=2018-08-15 16:21:24, purchaseBatch=1, batchAmount=2500, allAmount=2500), CustomerEntity(id=5, schoolName=中国科技大学, schoolAddress=安徽省合肥市蜀山区黄山路443号, purchaseDate=2018-08-25 16:22:10, purchaseBatch=3, batchAmount=500/900/800, allAmount=2200), CustomerEntity(id=6, schoolName=安徽师范大学, schoolAddress=安徽省芜湖市九华南路189号, purchaseDate=2018-09-15 16:22:59, purchaseBatch=1, batchAmount=3000, allAmount=3000), CustomerEntity(id=7, schoolName=黄山学院, schoolAddress=安徽省黄山市休宁县西海路39号, purchaseDate=2018-09-29 20:57:34, purchaseBatch=1, batchAmount=1563, allAmount=1563), CustomerEntity(id=8, schoolName=合肥学院, schoolAddress=安徽省合肥市锦绣大道99号, purchaseDate=2018-09-30 20:58:19, purchaseBatch=2, batchAmount=600/900, allAmount=1500), CustomerEntity(id=9, schoolName=北京大学, schoolAddress=北京市海淀区颐和园路5, purchaseDate=2018-10-03 20:59:09, purchaseBatch=2, batchAmount=900/800, allAmount=1700), CustomerEntity(id=10, schoolName=北京航空航天大学, schoolAddress=北京市海淀区学院路37号, purchaseDate=2018-10-07 20:59:43, purchaseBatch=1, batchAmount=2560, allAmount=2560), CustomerEntity(id=11, schoolName=北京师范大学, schoolAddress=北京市新街口外大街19号, purchaseDate=2018-10-17 21:00:16, purchaseBatch=2, batchAmount=600/1452, allAmount=2052), CustomerEntity(id=12, schoolName=中国人民大学, schoolAddress=北京市海淀区中关村大街59号, purchaseDate=2018-10-25 21:01:18, purchaseBatch=1, batchAmount=2500, allAmount=2500), CustomerEntity(id=13, schoolName=北京交通大学, schoolAddress=北京市海淀区上园村3号, purchaseDate=2018-10-30 21:01:52, purchaseBatch=2, batchAmount=1234/800, allAmount=2034), CustomerEntity(id=14, schoolName=北京邮电大学, schoolAddress=北京市海淀区西土城路10号, purchaseDate=2018-11-07 21:02:36, purchaseBatch=1, batchAmount=3425, allAmount=3425), CustomerEntity(id=15, schoolName=中央财经大学, schoolAddress=北京市海淀区学院南路39号, purchaseDate=2018-11-14 21:03:13, purchaseBatch=1, batchAmount=2350, allAmount=2350), CustomerEntity(id=16, schoolName=中国政法大学, schoolAddress=北京市海淀区西土城路25号, purchaseDate=2018-11-29 21:03:50, purchaseBatch=2, batchAmount=900/900, allAmount=1800), CustomerEntity(id=17, schoolName=北京体育大学, schoolAddress=北京市海淀区信息路48号, purchaseDate=2018-12-04 21:07:13, purchaseBatch=1, batchAmount=2324, allAmount=2324), CustomerEntity(id=18, schoolName=中央民族大学, schoolAddress=北京市海淀区中关村南大街27号, purchaseDate=2018-12-13 21:07:44, purchaseBatch=1, batchAmount=2344, allAmount=2344), CustomerEntity(id=19, schoolName=南京大学, schoolAddress=江苏省南京市鼓楼区汉口路22号, purchaseDate=2018-12-19 21:08:14, purchaseBatch=1, batchAmount=234, allAmount=234), CustomerEntity(id=20, schoolName=东南大学, schoolAddress=江苏省南京市玄武区四牌楼2号, purchaseDate=2018-12-20 21:08:42, purchaseBatch=2, batchAmount=567/400, allAmount=967), CustomerEntity(id=21, schoolName=南京航空航天大学, schoolAddress=江苏省南京市江宁区将军大道29号, purchaseDate=2018-12-29 21:09:19, purchaseBatch=1, batchAmount=2345, allAmount=2345)]
2019-06-10 21:34:37,392 INFO (MySessionManager.java:45)- 默认方式获取sessionId
2019-06-10 21:34:37,394 INFO (WebLogAspect.java:48)- URL : http://localhost:8082/customerInfo/getSchoolName
2019-06-10 21:34:37,395 INFO (WebLogAspect.java:49)- HTTP_METHOD : POST
2019-06-10 21:34:37,395 INFO (WebLogAspect.java:50)- IP : 0:0:0:0:0:0:0:1
2019-06-10 21:34:37,396 INFO (MySessionManager.java:45)- 默认方式获取sessionId
2019-06-10 21:34:37,398 INFO (WebLogAspect.java:48)- URL : http://localhost:8082/customerInfo/getSchoolInfo
2019-06-10 21:34:37,399 INFO (WebLogAspect.java:49)- HTTP_METHOD : POST
2019-06-10 21:34:37,399 INFO (WebLogAspect.java:50)- IP : 0:0:0:0:0:0:0:1
2019-06-10 21:34:37,402 INFO (WebLogAspect.java:56)- RESPONSE : [安徽大学（磐苑校区）, 合肥工业大学（翡翠湖校区）, 中国科技大学, 安徽师范大学, 黄山学院, 合肥学院, 北京大学, 北京航空航天大学, 北京师范大学, 中国人民大学, 北京交通大学, 北京邮电大学, 中央财经大学, 中国政法大学, 北京体育大学, 中央民族大学, 南京大学, 东南大学, 南京航空航天大学]
2019-06-10 21:34:37,405 INFO (WebLogAspect.java:56)- RESPONSE : [CustomerEntity(id=3, schoolName=安徽大学（磐苑校区）, schoolAddress=安徽省合肥市蜀山区九龙路111号, purchaseDate=2018-07-05 16:18:07, purchaseBatch=2, batchAmount=1000/1200, allAmount=2200), CustomerEntity(id=4, schoolName=合肥工业大学（翡翠湖校区）, schoolAddress=安徽省合肥市蜀山区翡翠路416号, purchaseDate=2018-08-15 16:21:24, purchaseBatch=1, batchAmount=2500, allAmount=2500), CustomerEntity(id=5, schoolName=中国科技大学, schoolAddress=安徽省合肥市蜀山区黄山路443号, purchaseDate=2018-08-25 16:22:10, purchaseBatch=3, batchAmount=500/900/800, allAmount=2200), CustomerEntity(id=6, schoolName=安徽师范大学, schoolAddress=安徽省芜湖市九华南路189号, purchaseDate=2018-09-15 16:22:59, purchaseBatch=1, batchAmount=3000, allAmount=3000), CustomerEntity(id=7, schoolName=黄山学院, schoolAddress=安徽省黄山市休宁县西海路39号, purchaseDate=2018-09-29 20:57:34, purchaseBatch=1, batchAmount=1563, allAmount=1563), CustomerEntity(id=8, schoolName=合肥学院, schoolAddress=安徽省合肥市锦绣大道99号, purchaseDate=2018-09-30 20:58:19, purchaseBatch=2, batchAmount=600/900, allAmount=1500), CustomerEntity(id=9, schoolName=北京大学, schoolAddress=北京市海淀区颐和园路5, purchaseDate=2018-10-03 20:59:09, purchaseBatch=2, batchAmount=900/800, allAmount=1700), CustomerEntity(id=10, schoolName=北京航空航天大学, schoolAddress=北京市海淀区学院路37号, purchaseDate=2018-10-07 20:59:43, purchaseBatch=1, batchAmount=2560, allAmount=2560), CustomerEntity(id=11, schoolName=北京师范大学, schoolAddress=北京市新街口外大街19号, purchaseDate=2018-10-17 21:00:16, purchaseBatch=2, batchAmount=600/1452, allAmount=2052), CustomerEntity(id=12, schoolName=中国人民大学, schoolAddress=北京市海淀区中关村大街59号, purchaseDate=2018-10-25 21:01:18, purchaseBatch=1, batchAmount=2500, allAmount=2500), CustomerEntity(id=13, schoolName=北京交通大学, schoolAddress=北京市海淀区上园村3号, purchaseDate=2018-10-30 21:01:52, purchaseBatch=2, batchAmount=1234/800, allAmount=2034), CustomerEntity(id=14, schoolName=北京邮电大学, schoolAddress=北京市海淀区西土城路10号, purchaseDate=2018-11-07 21:02:36, purchaseBatch=1, batchAmount=3425, allAmount=3425), CustomerEntity(id=15, schoolName=中央财经大学, schoolAddress=北京市海淀区学院南路39号, purchaseDate=2018-11-14 21:03:13, purchaseBatch=1, batchAmount=2350, allAmount=2350), CustomerEntity(id=16, schoolName=中国政法大学, schoolAddress=北京市海淀区西土城路25号, purchaseDate=2018-11-29 21:03:50, purchaseBatch=2, batchAmount=900/900, allAmount=1800), CustomerEntity(id=17, schoolName=北京体育大学, schoolAddress=北京市海淀区信息路48号, purchaseDate=2018-12-04 21:07:13, purchaseBatch=1, batchAmount=2324, allAmount=2324), CustomerEntity(id=18, schoolName=中央民族大学, schoolAddress=北京市海淀区中关村南大街27号, purchaseDate=2018-12-13 21:07:44, purchaseBatch=1, batchAmount=2344, allAmount=2344), CustomerEntity(id=19, schoolName=南京大学, schoolAddress=江苏省南京市鼓楼区汉口路22号, purchaseDate=2018-12-19 21:08:14, purchaseBatch=1, batchAmount=234, allAmount=234), CustomerEntity(id=20, schoolName=东南大学, schoolAddress=江苏省南京市玄武区四牌楼2号, purchaseDate=2018-12-20 21:08:42, purchaseBatch=2, batchAmount=567/400, allAmount=967), CustomerEntity(id=21, schoolName=南京航空航天大学, schoolAddress=江苏省南京市江宁区将军大道29号, purchaseDate=2018-12-29 21:09:19, purchaseBatch=1, batchAmount=2345, allAmount=2345)]
2019-06-10 21:34:40,227 INFO (MySessionManager.java:45)- 默认方式获取sessionId
2019-06-10 21:34:40,229 INFO (WebLogAspect.java:48)- URL : http://localhost:8082/customerInfo/getSchoolName
2019-06-10 21:34:40,230 INFO (WebLogAspect.java:49)- HTTP_METHOD : POST
2019-06-10 21:34:40,230 INFO (WebLogAspect.java:50)- IP : 0:0:0:0:0:0:0:1
2019-06-10 21:34:40,231 INFO (MySessionManager.java:45)- 默认方式获取sessionId
2019-06-10 21:34:40,234 INFO (WebLogAspect.java:48)- URL : http://localhost:8082/customerInfo/getSchoolInfo
2019-06-10 21:34:40,234 INFO (WebLogAspect.java:49)- HTTP_METHOD : POST
2019-06-10 21:34:40,235 INFO (WebLogAspect.java:50)- IP : 0:0:0:0:0:0:0:1
2019-06-10 21:34:40,236 INFO (WebLogAspect.java:56)- RESPONSE : [安徽大学（磐苑校区）, 合肥工业大学（翡翠湖校区）, 中国科技大学, 安徽师范大学, 黄山学院, 合肥学院, 北京大学, 北京航空航天大学, 北京师范大学, 中国人民大学, 北京交通大学, 北京邮电大学, 中央财经大学, 中国政法大学, 北京体育大学, 中央民族大学, 南京大学, 东南大学, 南京航空航天大学]
2019-06-10 21:34:40,241 INFO (WebLogAspect.java:56)- RESPONSE : [CustomerEntity(id=3, schoolName=安徽大学（磐苑校区）, schoolAddress=安徽省合肥市蜀山区九龙路111号, purchaseDate=2018-07-05 16:18:07, purchaseBatch=2, batchAmount=1000/1200, allAmount=2200), CustomerEntity(id=4, schoolName=合肥工业大学（翡翠湖校区）, schoolAddress=安徽省合肥市蜀山区翡翠路416号, purchaseDate=2018-08-15 16:21:24, purchaseBatch=1, batchAmount=2500, allAmount=2500), CustomerEntity(id=5, schoolName=中国科技大学, schoolAddress=安徽省合肥市蜀山区黄山路443号, purchaseDate=2018-08-25 16:22:10, purchaseBatch=3, batchAmount=500/900/800, allAmount=2200), CustomerEntity(id=6, schoolName=安徽师范大学, schoolAddress=安徽省芜湖市九华南路189号, purchaseDate=2018-09-15 16:22:59, purchaseBatch=1, batchAmount=3000, allAmount=3000), CustomerEntity(id=7, schoolName=黄山学院, schoolAddress=安徽省黄山市休宁县西海路39号, purchaseDate=2018-09-29 20:57:34, purchaseBatch=1, batchAmount=1563, allAmount=1563), CustomerEntity(id=8, schoolName=合肥学院, schoolAddress=安徽省合肥市锦绣大道99号, purchaseDate=2018-09-30 20:58:19, purchaseBatch=2, batchAmount=600/900, allAmount=1500), CustomerEntity(id=9, schoolName=北京大学, schoolAddress=北京市海淀区颐和园路5, purchaseDate=2018-10-03 20:59:09, purchaseBatch=2, batchAmount=900/800, allAmount=1700), CustomerEntity(id=10, schoolName=北京航空航天大学, schoolAddress=北京市海淀区学院路37号, purchaseDate=2018-10-07 20:59:43, purchaseBatch=1, batchAmount=2560, allAmount=2560), CustomerEntity(id=11, schoolName=北京师范大学, schoolAddress=北京市新街口外大街19号, purchaseDate=2018-10-17 21:00:16, purchaseBatch=2, batchAmount=600/1452, allAmount=2052), CustomerEntity(id=12, schoolName=中国人民大学, schoolAddress=北京市海淀区中关村大街59号, purchaseDate=2018-10-25 21:01:18, purchaseBatch=1, batchAmount=2500, allAmount=2500), CustomerEntity(id=13, schoolName=北京交通大学, schoolAddress=北京市海淀区上园村3号, purchaseDate=2018-10-30 21:01:52, purchaseBatch=2, batchAmount=1234/800, allAmount=2034), CustomerEntity(id=14, schoolName=北京邮电大学, schoolAddress=北京市海淀区西土城路10号, purchaseDate=2018-11-07 21:02:36, purchaseBatch=1, batchAmount=3425, allAmount=3425), CustomerEntity(id=15, schoolName=中央财经大学, schoolAddress=北京市海淀区学院南路39号, purchaseDate=2018-11-14 21:03:13, purchaseBatch=1, batchAmount=2350, allAmount=2350), CustomerEntity(id=16, schoolName=中国政法大学, schoolAddress=北京市海淀区西土城路25号, purchaseDate=2018-11-29 21:03:50, purchaseBatch=2, batchAmount=900/900, allAmount=1800), CustomerEntity(id=17, schoolName=北京体育大学, schoolAddress=北京市海淀区信息路48号, purchaseDate=2018-12-04 21:07:13, purchaseBatch=1, batchAmount=2324, allAmount=2324), CustomerEntity(id=18, schoolName=中央民族大学, schoolAddress=北京市海淀区中关村南大街27号, purchaseDate=2018-12-13 21:07:44, purchaseBatch=1, batchAmount=2344, allAmount=2344), CustomerEntity(id=19, schoolName=南京大学, schoolAddress=江苏省南京市鼓楼区汉口路22号, purchaseDate=2018-12-19 21:08:14, purchaseBatch=1, batchAmount=234, allAmount=234), CustomerEntity(id=20, schoolName=东南大学, schoolAddress=江苏省南京市玄武区四牌楼2号, purchaseDate=2018-12-20 21:08:42, purchaseBatch=2, batchAmount=567/400, allAmount=967), CustomerEntity(id=21, schoolName=南京航空航天大学, schoolAddress=江苏省南京市江宁区将军大道29号, purchaseDate=2018-12-29 21:09:19, purchaseBatch=1, batchAmount=2345, allAmount=2345)]
2019-06-10 21:35:41,436 INFO (MySessionManager.java:45)- 默认方式获取sessionId
2019-06-10 21:35:41,440 INFO (WebLogAspect.java:48)- URL : http://localhost:8082/revise/phoneNum
2019-06-10 21:35:41,441 INFO (WebLogAspect.java:49)- HTTP_METHOD : POST
2019-06-10 21:35:41,441 INFO (WebLogAspect.java:50)- IP : 0:0:0:0:0:0:0:1
2019-06-10 21:35:41,446 INFO (WebLogAspect.java:56)- RESPONSE : com.hdh.smartlock.shiro.ReturnResult@3ed1ae72
2019-06-10 21:35:48,827 INFO (MySessionManager.java:45)- 默认方式获取sessionId
2019-06-10 21:35:48,830 INFO (WebLogAspect.java:48)- URL : http://localhost:8082/getAll
2019-06-10 21:35:48,830 INFO (WebLogAspect.java:49)- HTTP_METHOD : GET
2019-06-10 21:35:48,831 INFO (WebLogAspect.java:50)- IP : 0:0:0:0:0:0:0:1
2019-06-10 21:35:48,836 INFO (WebLogAspect.java:56)- RESPONSE : [UserRegisterEntity(id=1, username=admin, userPhoneNum=18356894256, userPassword=123456, userCreateTime=2019-05-26 12:50:43.0), UserRegisterEntity(id=2, username=hdhda, userPhoneNum=14255651521, userPassword=a6cff2b38978416866c997d3962c5225, userCreateTime=2019-05-29 12:55:37.0), UserRegisterEntity(id=3, username=hdhfgs, userPhoneNum=18234545664, userPassword=a6cff2b38978416866c997d3962c5225, userCreateTime=2019-05-29 14:10:56.0), UserRegisterEntity(id=4, username=hdh, userPhoneNum=18375335898, userPassword=7058486d59cd4eaf9d4e581687c83d88, userCreateTime=2019-05-29 14:43:37.0), UserRegisterEntity(id=5, username=ahu, userPhoneNum=18375335899, userPassword=cfe97dd93637b1894e2fad3d713322e0, userCreateTime=2019-05-29 19:49:35.0), UserRegisterEntity(id=6, username=aaa, userPhoneNum=11111111111, userPassword=7058486d59cd4eaf9d4e581687c83d88, userCreateTime=2019-05-31 19:39:05.0), UserRegisterEntity(id=7, username=nih, userPhoneNum=18375335890, userPassword=7058486d59cd4eaf9d4e581687c83d88, userCreateTime=2019-06-04 14:21:16.0)]
